<?xml version="1.0" encoding="UTF-8"?>
<!-- Generated by org.testng.reporters.JUnitReportReporter -->
<testsuite hostname="DESKTOP-SJC3P4J" failures="0" tests="2" name="DesignPatterns.DemoTest" time="12.997" errors="0" timestamp="2021-03-16T19:59:25 IST" skipped="0">
  <testcase classname="DesignPatterns.DemoTest" name="flightTest" time="4.363"/>
  <system-out/>
  <testcase classname="DesignPatterns.DemoTest" name="flightTest" time="8.634"/>
  <system-out/>
</testsuite> <!-- DesignPatterns.DemoTest -->
